Started GET "/" for ::1 at 2016-09-15 22:11:53 -0400
Processing by Rails::WelcomeController#index as HTML
  Parameters: {"internal"=>true}
  Rendering /Users/gabrielsaunders/.rvm/gems/ruby-2.3.0/gems/railties-5.0.0.1/lib/rails/templates/rails/welcome/index.html.erb
  Rendered /Users/gabrielsaunders/.rvm/gems/ruby-2.3.0/gems/railties-5.0.0.1/lib/rails/templates/rails/welcome/index.html.erb (4.4ms)
Completed 200 OK in 18ms (Views: 8.8ms | ActiveRecord: 0.0ms)


  [1m[35m (1.9ms)[0m  [1m[35mCREATE TABLE "schema_migrations" ("version" varchar NOT NULL PRIMARY KEY)[0m
  [1m[35m (0.9ms)[0m  [1m[35mCREATE TABLE "ar_internal_metadata" ("key" varchar NOT NULL PRIMARY KEY, "value" varchar, "created_at" datetime NOT NULL, "updated_at" datetime NOT NULL)[0m
  [1m[36mActiveRecord::SchemaMigration Load (0.1ms)[0m  [1m[34mSELECT "schema_migrations".* FROM "schema_migrations"[0m
Migrating to CreateProducts (20160916021716)
  [1m[35m (0.1ms)[0m  [1m[36mbegin transaction[0m
  [1m[35m (0.4ms)[0m  [1m[35mCREATE TABLE "products" ("id" INTEGER PRIMARY KEY AUTOINCREMENT NOT NULL, "name" varchar, "flavor_id" integer, "price" decimal(8,2), "created_at" datetime NOT NULL, "updated_at" datetime NOT NULL)[0m
  [1m[35m (0.4ms)[0m  [1m[34mselect sqlite_version(*)[0m
  [1m[35m (0.2ms)[0m  [1m[35mCREATE  INDEX "index_products_on_flavor_id" ON "products" ("flavor_id")[0m
  [1m[35mSQL (0.1ms)[0m  [1m[32mINSERT INTO "schema_migrations" ("version") VALUES (?)[0m  [["version", "20160916021716"]]
  [1m[35m (0.7ms)[0m  [1m[36mcommit transaction[0m
  [1m[36mActiveRecord::InternalMetadata Load (0.1ms)[0m  [1m[34mSELECT  "ar_internal_metadata".* FROM "ar_internal_metadata" WHERE "ar_internal_metadata"."key" = ? LIMIT ?[0m  [["key", :environment], ["LIMIT", 1]]
  [1m[35m (0.1ms)[0m  [1m[36mbegin transaction[0m
  [1m[35mSQL (0.2ms)[0m  [1m[32mINSERT INTO "ar_internal_metadata" ("key", "value", "created_at", "updated_at") VALUES (?, ?, ?, ?)[0m  [["key", "environment"], ["value", "development"], ["created_at", 2016-09-16 02:18:55 UTC], ["updated_at", 2016-09-16 02:18:55 UTC]]
  [1m[35m (0.6ms)[0m  [1m[36mcommit transaction[0m
  [1m[36mActiveRecord::SchemaMigration Load (0.1ms)[0m  [1m[34mSELECT "schema_migrations".* FROM "schema_migrations"[0m
  [1m[35m (0.1ms)[0m  [1m[34m            SELECT sql
            FROM sqlite_master
            WHERE name='index_products_on_flavor_id' AND type='index'
            UNION ALL
            SELECT sql
            FROM sqlite_temp_master
            WHERE name='index_products_on_flavor_id' AND type='index'
[0m
Started GET "/" for ::1 at 2016-09-15 22:20:14 -0400
  [1m[36mActiveRecord::SchemaMigration Load (0.1ms)[0m  [1m[34mSELECT "schema_migrations".* FROM "schema_migrations"[0m
Processing by Rails::WelcomeController#index as HTML
  Parameters: {"internal"=>true}
  Rendering /Users/gabrielsaunders/.rvm/gems/ruby-2.3.0/gems/railties-5.0.0.1/lib/rails/templates/rails/welcome/index.html.erb
  Rendered /Users/gabrielsaunders/.rvm/gems/ruby-2.3.0/gems/railties-5.0.0.1/lib/rails/templates/rails/welcome/index.html.erb (4.1ms)
Completed 200 OK in 18ms (Views: 8.5ms | ActiveRecord: 0.0ms)


Started GET "/products" for ::1 at 2016-09-15 22:20:24 -0400
Processing by ProductsController#index as HTML
  Rendering products/index.html.erb within layouts/application
  [1m[36mProduct Load (0.2ms)[0m  [1m[34mSELECT "products".* FROM "products"[0m
  Rendered products/index.html.erb within layouts/application (5.0ms)
Completed 200 OK in 785ms (Views: 776.2ms | ActiveRecord: 0.4ms)


Started GET "/products/new" for ::1 at 2016-09-15 22:20:28 -0400
Processing by ProductsController#new as HTML
  Rendering products/new.html.erb within layouts/application
  Rendered products/_form.html.erb (18.2ms)
  Rendered products/new.html.erb within layouts/application (22.4ms)
Completed 200 OK in 70ms (Views: 58.5ms | ActiveRecord: 0.9ms)


Started POST "/products" for ::1 at 2016-09-15 22:20:46 -0400
Processing by ProductsController#create as HTML
  Parameters: {"utf8"=>"✓", "authenticity_token"=>"4UfGgwCz7qLg6hxWT0lA2WIYamtF4OpMtae4SNr5oZ8vpnelLfxCleBX0o2onDV9ICWGEciqVu4eCl/8h57Tbg==", "product"=>{"name"=>"Bright Greens", "flavor_id"=>"Blueberry", "price"=>"5.99"}, "commit"=>"Create Product"}
  [1m[35m (0.5ms)[0m  [1m[36mbegin transaction[0m
  [1m[35m (0.1ms)[0m  [1m[31mrollback transaction[0m
Completed 500 Internal Server Error in 24ms (ActiveRecord: 0.6ms)


  
NameError (uninitialized constant Product::Flavor):
  
app/controllers/products_controller.rb:30:in `block in create'
app/controllers/products_controller.rb:29:in `create'
  Rendering /Users/gabrielsaunders/.rvm/gems/ruby-2.3.0/gems/actionpack-5.0.0.1/lib/action_dispatch/middleware/templates/rescues/diagnostics.html.erb within rescues/layout
  Rendering /Users/gabrielsaunders/.rvm/gems/ruby-2.3.0/gems/actionpack-5.0.0.1/lib/action_dispatch/middleware/templates/rescues/_source.html.erb
  Rendered /Users/gabrielsaunders/.rvm/gems/ruby-2.3.0/gems/actionpack-5.0.0.1/lib/action_dispatch/middleware/templates/rescues/_source.html.erb (4.4ms)
  Rendering /Users/gabrielsaunders/.rvm/gems/ruby-2.3.0/gems/actionpack-5.0.0.1/lib/action_dispatch/middleware/templates/rescues/_trace.html.erb
  Rendered /Users/gabrielsaunders/.rvm/gems/ruby-2.3.0/gems/actionpack-5.0.0.1/lib/action_dispatch/middleware/templates/rescues/_trace.html.erb (1.8ms)
  Rendering /Users/gabrielsaunders/.rvm/gems/ruby-2.3.0/gems/actionpack-5.0.0.1/lib/action_dispatch/middleware/templates/rescues/_request_and_response.html.erb
  Rendered /Users/gabrielsaunders/.rvm/gems/ruby-2.3.0/gems/actionpack-5.0.0.1/lib/action_dispatch/middleware/templates/rescues/_request_and_response.html.erb (1.2ms)
  Rendered /Users/gabrielsaunders/.rvm/gems/ruby-2.3.0/gems/actionpack-5.0.0.1/lib/action_dispatch/middleware/templates/rescues/diagnostics.html.erb within rescues/layout (65.0ms)
  [1m[36mActiveRecord::SchemaMigration Load (0.1ms)[0m  [1m[34mSELECT "schema_migrations".* FROM "schema_migrations"[0m
Migrating to CreateFlavors (20160916022532)
  [1m[35m (0.1ms)[0m  [1m[36mbegin transaction[0m
  [1m[35m (0.3ms)[0m  [1m[35mCREATE TABLE "flavors" ("id" INTEGER PRIMARY KEY AUTOINCREMENT NOT NULL, "name" varchar, "product_id" integer, "price" decimal, "created_at" datetime NOT NULL, "updated_at" datetime NOT NULL)[0m
  [1m[35m (0.0ms)[0m  [1m[34mselect sqlite_version(*)[0m
  [1m[35m (0.1ms)[0m  [1m[35mCREATE  INDEX "index_flavors_on_product_id" ON "flavors" ("product_id")[0m
  [1m[35mSQL (0.2ms)[0m  [1m[32mINSERT INTO "schema_migrations" ("version") VALUES (?)[0m  [["version", "20160916022532"]]
  [1m[35m (0.7ms)[0m  [1m[36mcommit transaction[0m
  [1m[36mActiveRecord::InternalMetadata Load (0.2ms)[0m  [1m[34mSELECT  "ar_internal_metadata".* FROM "ar_internal_metadata" WHERE "ar_internal_metadata"."key" = ? LIMIT ?[0m  [["key", :environment], ["LIMIT", 1]]
  [1m[35m (0.1ms)[0m  [1m[36mbegin transaction[0m
  [1m[35m (0.1ms)[0m  [1m[36mcommit transaction[0m
  [1m[36mActiveRecord::SchemaMigration Load (0.1ms)[0m  [1m[34mSELECT "schema_migrations".* FROM "schema_migrations"[0m
  [1m[35m (0.1ms)[0m  [1m[34m            SELECT sql
            FROM sqlite_master
            WHERE name='index_flavors_on_product_id' AND type='index'
            UNION ALL
            SELECT sql
            FROM sqlite_temp_master
            WHERE name='index_flavors_on_product_id' AND type='index'
[0m
  [1m[35m (0.1ms)[0m  [1m[34m            SELECT sql
            FROM sqlite_master
            WHERE name='index_products_on_flavor_id' AND type='index'
            UNION ALL
            SELECT sql
            FROM sqlite_temp_master
            WHERE name='index_products_on_flavor_id' AND type='index'
[0m
Started GET "/products/new" for ::1 at 2016-09-15 22:28:38 -0400
  [1m[36mActiveRecord::SchemaMigration Load (0.2ms)[0m  [1m[34mSELECT "schema_migrations".* FROM "schema_migrations"[0m
Processing by ProductsController#new as HTML
  Rendering products/new.html.erb within layouts/application
  Rendered products/_form.html.erb (17.0ms)
  Rendered products/new.html.erb within layouts/application (20.3ms)
Completed 200 OK in 399ms (Views: 382.1ms | ActiveRecord: 0.4ms)


Started POST "/products" for ::1 at 2016-09-15 22:28:55 -0400
Processing by ProductsController#create as HTML
  Parameters: {"utf8"=>"✓", "authenticity_token"=>"iLMtaFMbzgJvs+qNa0nUsGqI6RzwkModI8Qek8ppsAreLpjlJO5y/Cu8NUblMW8sn+9sWzCM/epmk3CvR80iCQ==", "product"=>{"name"=>"Bright Greens", "flavor_id"=>"Blueberry", "price"=>"5.99"}, "commit"=>"Create Product"}
  [1m[35m (0.2ms)[0m  [1m[36mbegin transaction[0m
  [1m[36mFlavor Load (0.1ms)[0m  [1m[34mSELECT  "flavors".* FROM "flavors" WHERE "flavors"."id" = ? LIMIT ?[0m  [["id", 0], ["LIMIT", 1]]
  [1m[35m (0.1ms)[0m  [1m[31mrollback transaction[0m
  Rendering products/new.html.erb within layouts/application
  Rendered products/_form.html.erb (4.7ms)
  Rendered products/new.html.erb within layouts/application (6.7ms)
Completed 200 OK in 69ms (Views: 46.8ms | ActiveRecord: 0.9ms)


Started GET "/products" for ::1 at 2016-09-15 22:36:54 -0400
Processing by ProductsController#index as HTML
  Rendering products/index.html.erb within layouts/application
  [1m[36mProduct Load (0.3ms)[0m  [1m[34mSELECT "products".* FROM "products"[0m
  Rendered products/index.html.erb within layouts/application (2.2ms)
Completed 200 OK in 40ms (Views: 37.6ms | ActiveRecord: 0.3ms)


Started GET "/products/new" for ::1 at 2016-09-15 22:36:56 -0400
Processing by ProductsController#new as HTML
  Rendering products/new.html.erb within layouts/application
  Rendered products/_form.html.erb (2.9ms)
  Rendered products/new.html.erb within layouts/application (5.4ms)
Completed 200 OK in 32ms (Views: 29.8ms | ActiveRecord: 0.0ms)


Started POST "/products" for ::1 at 2016-09-15 22:37:06 -0400
Processing by ProductsController#create as HTML
  Parameters: {"utf8"=>"✓", "authenticity_token"=>"UAk1GYIuUyg2fgrXvIo4xKQMm0tXvG5gmwa8xHZ44vKe6IQ/r2H/HzbDxAxbX01g5jF3Mdr20sIwq1twKx+QAw==", "product"=>{"name"=>"Bright Greens", "price"=>"5.99"}, "commit"=>"Create Product"}
  [1m[35m (0.2ms)[0m  [1m[36mbegin transaction[0m
  [1m[35m (0.1ms)[0m  [1m[31mrollback transaction[0m
  Rendering products/new.html.erb within layouts/application
  Rendered products/_form.html.erb (3.4ms)
  Rendered products/new.html.erb within layouts/application (5.1ms)
Completed 200 OK in 30ms (Views: 26.3ms | ActiveRecord: 0.2ms)


Started GET "/products" for ::1 at 2016-09-15 22:38:51 -0400
Processing by ProductsController#index as HTML
  Rendering products/index.html.erb within layouts/application
  [1m[36mProduct Load (0.3ms)[0m  [1m[34mSELECT "products".* FROM "products"[0m
  Rendered products/index.html.erb within layouts/application (2.6ms)
Completed 200 OK in 37ms (Views: 22.7ms | ActiveRecord: 0.5ms)


Started GET "/products/new" for ::1 at 2016-09-15 22:38:53 -0400
Processing by ProductsController#new as HTML
  Rendering products/new.html.erb within layouts/application
  Rendered products/_form.html.erb (2.5ms)
  Rendered products/new.html.erb within layouts/application (4.6ms)
Completed 200 OK in 36ms (Views: 25.2ms | ActiveRecord: 0.8ms)


Started POST "/products" for ::1 at 2016-09-15 22:39:03 -0400
Processing by ProductsController#create as HTML
  Parameters: {"utf8"=>"✓", "authenticity_token"=>"//ypc6RZK0Ezs8fpRk8GWB6PJ+TjBo63qGLBGZD7vGgxHRhViRaHdjMOCTKhmnP8XLLLnm5MMhUDzyatzZzOmQ==", "product"=>{"name"=>"Bright Greens", "price"=>"5.99"}, "commit"=>"Create Product"}
  [1m[35m (0.3ms)[0m  [1m[36mbegin transaction[0m
  [1m[35mSQL (0.8ms)[0m  [1m[32mINSERT INTO "products" ("name", "price", "created_at", "updated_at") VALUES (?, ?, ?, ?)[0m  [["name", "Bright Greens"], ["price", #<BigDecimal:7fc83e2ff6a8,'0.599E1',18(27)>], ["created_at", 2016-09-16 02:39:03 UTC], ["updated_at", 2016-09-16 02:39:03 UTC]]
  [1m[35m (2.0ms)[0m  [1m[36mcommit transaction[0m
Redirected to http://localhost:3000/products/1
Completed 302 Found in 8ms (ActiveRecord: 3.1ms)


Started GET "/products/1" for ::1 at 2016-09-15 22:39:03 -0400
Processing by ProductsController#show as HTML
  Parameters: {"id"=>"1"}
  [1m[36mProduct Load (0.3ms)[0m  [1m[34mSELECT  "products".* FROM "products" WHERE "products"."id" = ? LIMIT ?[0m  [["id", 1], ["LIMIT", 1]]
  Rendering products/show.html.erb within layouts/application
  Rendered products/show.html.erb within layouts/application (10.7ms)
Completed 500 Internal Server Error in 17ms (ActiveRecord: 0.3ms)


  
ActionView::Template::Error (undefined method `flavor' for #<Product:0x007fc83e2cf2f0>
Did you mean?  flavors
               flavors=):
     7: 
     8: <p>
     9:   <strong>Flavor:</strong>
    10:   <%= @product.flavor %>
    11: </p>
    12: 
    13: <p>
  
app/views/products/show.html.erb:10:in `_app_views_products_show_html_erb___2762118700953686518_70249006657240'
  Rendering /Users/gabrielsaunders/.rvm/gems/ruby-2.3.0/gems/actionpack-5.0.0.1/lib/action_dispatch/middleware/templates/rescues/template_error.html.erb within rescues/layout
  Rendering /Users/gabrielsaunders/.rvm/gems/ruby-2.3.0/gems/actionpack-5.0.0.1/lib/action_dispatch/middleware/templates/rescues/_source.html.erb
  Rendered /Users/gabrielsaunders/.rvm/gems/ruby-2.3.0/gems/actionpack-5.0.0.1/lib/action_dispatch/middleware/templates/rescues/_source.html.erb (4.1ms)
  Rendering /Users/gabrielsaunders/.rvm/gems/ruby-2.3.0/gems/actionpack-5.0.0.1/lib/action_dispatch/middleware/templates/rescues/_trace.html.erb
  Rendered /Users/gabrielsaunders/.rvm/gems/ruby-2.3.0/gems/actionpack-5.0.0.1/lib/action_dispatch/middleware/templates/rescues/_trace.html.erb (1.8ms)
  Rendering /Users/gabrielsaunders/.rvm/gems/ruby-2.3.0/gems/actionpack-5.0.0.1/lib/action_dispatch/middleware/templates/rescues/_request_and_response.html.erb
  Rendered /Users/gabrielsaunders/.rvm/gems/ruby-2.3.0/gems/actionpack-5.0.0.1/lib/action_dispatch/middleware/templates/rescues/_request_and_response.html.erb (1.0ms)
  Rendered /Users/gabrielsaunders/.rvm/gems/ruby-2.3.0/gems/actionpack-5.0.0.1/lib/action_dispatch/middleware/templates/rescues/template_error.html.erb within rescues/layout (62.8ms)
Started GET "/products/1" for ::1 at 2016-09-15 22:40:13 -0400
Processing by ProductsController#show as HTML
  Parameters: {"id"=>"1"}
  [1m[36mProduct Load (0.3ms)[0m  [1m[34mSELECT  "products".* FROM "products" WHERE "products"."id" = ? LIMIT ?[0m  [["id", 1], ["LIMIT", 1]]
  Rendering products/show.html.erb within layouts/application
  Rendered products/show.html.erb within layouts/application (19.4ms)
Completed 200 OK in 42ms (Views: 39.4ms | ActiveRecord: 0.5ms)


Started GET "/products" for ::1 at 2016-09-15 22:40:31 -0400
Processing by ProductsController#index as HTML
  Rendering products/index.html.erb within layouts/application
  [1m[36mProduct Load (0.1ms)[0m  [1m[34mSELECT "products".* FROM "products"[0m
  Rendered products/index.html.erb within layouts/application (9.1ms)
Completed 500 Internal Server Error in 14ms (ActiveRecord: 0.1ms)


  
ActionView::Template::Error (undefined method `flavor' for #<Product:0x007fc83e345478>
Did you mean?  flavors
               flavors=):
    16:     <% @products.each do |product| %>
    17:       <tr>
    18:         <td><%= product.name %></td>
    19:         <td><%= product.flavor %></td>
    20:         <td><%= product.price %></td>
    21:         <td><%= link_to 'Show', product %></td>
    22:         <td><%= link_to 'Edit', edit_product_path(product) %></td>
  
app/views/products/index.html.erb:19:in `block in _app_views_products_index_html_erb__1460842283219827350_70249024689360'
app/views/products/index.html.erb:16:in `_app_views_products_index_html_erb__1460842283219827350_70249024689360'
  Rendering /Users/gabrielsaunders/.rvm/gems/ruby-2.3.0/gems/actionpack-5.0.0.1/lib/action_dispatch/middleware/templates/rescues/template_error.html.erb within rescues/layout
  Rendering /Users/gabrielsaunders/.rvm/gems/ruby-2.3.0/gems/actionpack-5.0.0.1/lib/action_dispatch/middleware/templates/rescues/_source.html.erb
  Rendered /Users/gabrielsaunders/.rvm/gems/ruby-2.3.0/gems/actionpack-5.0.0.1/lib/action_dispatch/middleware/templates/rescues/_source.html.erb (3.6ms)
  Rendering /Users/gabrielsaunders/.rvm/gems/ruby-2.3.0/gems/actionpack-5.0.0.1/lib/action_dispatch/middleware/templates/rescues/_trace.html.erb
  Rendered /Users/gabrielsaunders/.rvm/gems/ruby-2.3.0/gems/actionpack-5.0.0.1/lib/action_dispatch/middleware/templates/rescues/_trace.html.erb (1.5ms)
  Rendering /Users/gabrielsaunders/.rvm/gems/ruby-2.3.0/gems/actionpack-5.0.0.1/lib/action_dispatch/middleware/templates/rescues/_request_and_response.html.erb
  Rendered /Users/gabrielsaunders/.rvm/gems/ruby-2.3.0/gems/actionpack-5.0.0.1/lib/action_dispatch/middleware/templates/rescues/_request_and_response.html.erb (0.6ms)
  Rendered /Users/gabrielsaunders/.rvm/gems/ruby-2.3.0/gems/actionpack-5.0.0.1/lib/action_dispatch/middleware/templates/rescues/template_error.html.erb within rescues/layout (49.7ms)
Started GET "/products" for ::1 at 2016-09-15 22:40:33 -0400
Processing by ProductsController#index as HTML
  Rendering products/index.html.erb within layouts/application
  [1m[36mProduct Load (0.1ms)[0m  [1m[34mSELECT "products".* FROM "products"[0m
  Rendered products/index.html.erb within layouts/application (6.9ms)
Completed 500 Internal Server Error in 11ms (ActiveRecord: 0.1ms)


  
ActionView::Template::Error (undefined method `flavor' for #<Product:0x007fc83d607ae0>
Did you mean?  flavors
               flavors=):
    16:     <% @products.each do |product| %>
    17:       <tr>
    18:         <td><%= product.name %></td>
    19:         <td><%= product.flavor %></td>
    20:         <td><%= product.price %></td>
    21:         <td><%= link_to 'Show', product %></td>
    22:         <td><%= link_to 'Edit', edit_product_path(product) %></td>
  
app/views/products/index.html.erb:19:in `block in _app_views_products_index_html_erb__1460842283219827350_70249000336360'
app/views/products/index.html.erb:16:in `_app_views_products_index_html_erb__1460842283219827350_70249000336360'
  Rendering /Users/gabrielsaunders/.rvm/gems/ruby-2.3.0/gems/actionpack-5.0.0.1/lib/action_dispatch/middleware/templates/rescues/template_error.html.erb within rescues/layout
  Rendering /Users/gabrielsaunders/.rvm/gems/ruby-2.3.0/gems/actionpack-5.0.0.1/lib/action_dispatch/middleware/templates/rescues/_source.html.erb
  Rendered /Users/gabrielsaunders/.rvm/gems/ruby-2.3.0/gems/actionpack-5.0.0.1/lib/action_dispatch/middleware/templates/rescues/_source.html.erb (3.4ms)
  Rendering /Users/gabrielsaunders/.rvm/gems/ruby-2.3.0/gems/actionpack-5.0.0.1/lib/action_dispatch/middleware/templates/rescues/_trace.html.erb
  Rendered /Users/gabrielsaunders/.rvm/gems/ruby-2.3.0/gems/actionpack-5.0.0.1/lib/action_dispatch/middleware/templates/rescues/_trace.html.erb (1.7ms)
  Rendering /Users/gabrielsaunders/.rvm/gems/ruby-2.3.0/gems/actionpack-5.0.0.1/lib/action_dispatch/middleware/templates/rescues/_request_and_response.html.erb
  Rendered /Users/gabrielsaunders/.rvm/gems/ruby-2.3.0/gems/actionpack-5.0.0.1/lib/action_dispatch/middleware/templates/rescues/_request_and_response.html.erb (0.6ms)
  Rendered /Users/gabrielsaunders/.rvm/gems/ruby-2.3.0/gems/actionpack-5.0.0.1/lib/action_dispatch/middleware/templates/rescues/template_error.html.erb within rescues/layout (54.3ms)
Started GET "/products/new" for ::1 at 2016-09-15 22:40:43 -0400
Processing by ProductsController#new as HTML
  Rendering products/new.html.erb within layouts/application
  Rendered products/_form.html.erb (1.8ms)
  Rendered products/new.html.erb within layouts/application (3.5ms)
Completed 200 OK in 23ms (Views: 21.8ms | ActiveRecord: 0.0ms)


Started GET "/products" for ::1 at 2016-09-15 22:40:46 -0400
Processing by ProductsController#index as HTML
  Rendering products/index.html.erb within layouts/application
  [1m[36mProduct Load (0.1ms)[0m  [1m[34mSELECT "products".* FROM "products"[0m
  Rendered products/index.html.erb within layouts/application (8.5ms)
Completed 500 Internal Server Error in 16ms (ActiveRecord: 0.1ms)


  
ActionView::Template::Error (undefined method `flavor' for #<Product:0x007fc83cadf118>
Did you mean?  flavors
               flavors=):
    16:     <% @products.each do |product| %>
    17:       <tr>
    18:         <td><%= product.name %></td>
    19:         <td><%= product.flavor %></td>
    20:         <td><%= product.price %></td>
    21:         <td><%= link_to 'Show', product %></td>
    22:         <td><%= link_to 'Edit', edit_product_path(product) %></td>
  
app/views/products/index.html.erb:19:in `block in _app_views_products_index_html_erb__1460842283219827350_70248994237100'
app/views/products/index.html.erb:16:in `_app_views_products_index_html_erb__1460842283219827350_70248994237100'
  Rendering /Users/gabrielsaunders/.rvm/gems/ruby-2.3.0/gems/actionpack-5.0.0.1/lib/action_dispatch/middleware/templates/rescues/template_error.html.erb within rescues/layout
  Rendering /Users/gabrielsaunders/.rvm/gems/ruby-2.3.0/gems/actionpack-5.0.0.1/lib/action_dispatch/middleware/templates/rescues/_source.html.erb
  Rendered /Users/gabrielsaunders/.rvm/gems/ruby-2.3.0/gems/actionpack-5.0.0.1/lib/action_dispatch/middleware/templates/rescues/_source.html.erb (3.4ms)
  Rendering /Users/gabrielsaunders/.rvm/gems/ruby-2.3.0/gems/actionpack-5.0.0.1/lib/action_dispatch/middleware/templates/rescues/_trace.html.erb
  Rendered /Users/gabrielsaunders/.rvm/gems/ruby-2.3.0/gems/actionpack-5.0.0.1/lib/action_dispatch/middleware/templates/rescues/_trace.html.erb (2.8ms)
  Rendering /Users/gabrielsaunders/.rvm/gems/ruby-2.3.0/gems/actionpack-5.0.0.1/lib/action_dispatch/middleware/templates/rescues/_request_and_response.html.erb
  Rendered /Users/gabrielsaunders/.rvm/gems/ruby-2.3.0/gems/actionpack-5.0.0.1/lib/action_dispatch/middleware/templates/rescues/_request_and_response.html.erb (0.7ms)
  Rendered /Users/gabrielsaunders/.rvm/gems/ruby-2.3.0/gems/actionpack-5.0.0.1/lib/action_dispatch/middleware/templates/rescues/template_error.html.erb within rescues/layout (52.4ms)
Started GET "/products" for ::1 at 2016-09-15 22:41:57 -0400
Processing by ProductsController#index as HTML
  Rendering products/index.html.erb within layouts/application
  [1m[36mProduct Load (0.2ms)[0m  [1m[34mSELECT "products".* FROM "products"[0m
  Rendered products/index.html.erb within layouts/application (7.1ms)
Completed 500 Internal Server Error in 11ms (ActiveRecord: 0.2ms)


  
ActionView::Template::Error (undefined method `flavor' for #<Product:0x007fc83e35f7d8>
Did you mean?  flavors
               flavors=):
    16:     <% @products.each do |product| %>
    17:       <tr>
    18:         <td><%= product.name %></td>
    19:         <td><%= product.flavor %></td>
    20:         <td><%= product.price %></td>
    21:         <td><%= link_to 'Show', product %></td>
    22:         <td><%= link_to 'Edit', edit_product_path(product) %></td>
  
app/views/products/index.html.erb:19:in `block in _app_views_products_index_html_erb__1460842283219827350_70249007063120'
app/views/products/index.html.erb:16:in `_app_views_products_index_html_erb__1460842283219827350_70249007063120'
  Rendering /Users/gabrielsaunders/.rvm/gems/ruby-2.3.0/gems/actionpack-5.0.0.1/lib/action_dispatch/middleware/templates/rescues/template_error.html.erb within rescues/layout
  Rendering /Users/gabrielsaunders/.rvm/gems/ruby-2.3.0/gems/actionpack-5.0.0.1/lib/action_dispatch/middleware/templates/rescues/_source.html.erb
  Rendered /Users/gabrielsaunders/.rvm/gems/ruby-2.3.0/gems/actionpack-5.0.0.1/lib/action_dispatch/middleware/templates/rescues/_source.html.erb (4.1ms)
  Rendering /Users/gabrielsaunders/.rvm/gems/ruby-2.3.0/gems/actionpack-5.0.0.1/lib/action_dispatch/middleware/templates/rescues/_trace.html.erb
  Rendered /Users/gabrielsaunders/.rvm/gems/ruby-2.3.0/gems/actionpack-5.0.0.1/lib/action_dispatch/middleware/templates/rescues/_trace.html.erb (1.6ms)
  Rendering /Users/gabrielsaunders/.rvm/gems/ruby-2.3.0/gems/actionpack-5.0.0.1/lib/action_dispatch/middleware/templates/rescues/_request_and_response.html.erb
  Rendered /Users/gabrielsaunders/.rvm/gems/ruby-2.3.0/gems/actionpack-5.0.0.1/lib/action_dispatch/middleware/templates/rescues/_request_and_response.html.erb (0.6ms)
  Rendered /Users/gabrielsaunders/.rvm/gems/ruby-2.3.0/gems/actionpack-5.0.0.1/lib/action_dispatch/middleware/templates/rescues/template_error.html.erb within rescues/layout (55.0ms)
Started GET "/products" for ::1 at 2016-09-15 22:43:11 -0400
Processing by ProductsController#index as HTML
  Rendering products/index.html.erb within layouts/application
  [1m[36mProduct Load (0.1ms)[0m  [1m[34mSELECT "products".* FROM "products"[0m
  Rendered products/index.html.erb within layouts/application (7.2ms)
Completed 500 Internal Server Error in 11ms (ActiveRecord: 0.1ms)


  
ActionView::Template::Error (undefined method `flavor' for #<Product:0x007fc83d7974f0>
Did you mean?  flavors
               flavors=):
    16:     <% @products.each do |product| %>
    17:       <tr>
    18:         <td><%= product.name %></td>
    19:         <td><%= product.flavor %></td>
    20:         <td><%= product.price %></td>
    21:         <td><%= link_to 'Show', product %></td>
    22:         <td><%= link_to 'Edit', edit_product_path(product) %></td>
  
app/views/products/index.html.erb:19:in `block in _app_views_products_index_html_erb__1460842283219827350_70249022035960'
app/views/products/index.html.erb:16:in `_app_views_products_index_html_erb__1460842283219827350_70249022035960'
  Rendering /Users/gabrielsaunders/.rvm/gems/ruby-2.3.0/gems/actionpack-5.0.0.1/lib/action_dispatch/middleware/templates/rescues/template_error.html.erb within rescues/layout
  Rendering /Users/gabrielsaunders/.rvm/gems/ruby-2.3.0/gems/actionpack-5.0.0.1/lib/action_dispatch/middleware/templates/rescues/_source.html.erb
  Rendered /Users/gabrielsaunders/.rvm/gems/ruby-2.3.0/gems/actionpack-5.0.0.1/lib/action_dispatch/middleware/templates/rescues/_source.html.erb (3.7ms)
  Rendering /Users/gabrielsaunders/.rvm/gems/ruby-2.3.0/gems/actionpack-5.0.0.1/lib/action_dispatch/middleware/templates/rescues/_trace.html.erb
  Rendered /Users/gabrielsaunders/.rvm/gems/ruby-2.3.0/gems/actionpack-5.0.0.1/lib/action_dispatch/middleware/templates/rescues/_trace.html.erb (1.8ms)
  Rendering /Users/gabrielsaunders/.rvm/gems/ruby-2.3.0/gems/actionpack-5.0.0.1/lib/action_dispatch/middleware/templates/rescues/_request_and_response.html.erb
  Rendered /Users/gabrielsaunders/.rvm/gems/ruby-2.3.0/gems/actionpack-5.0.0.1/lib/action_dispatch/middleware/templates/rescues/_request_and_response.html.erb (0.7ms)
  Rendered /Users/gabrielsaunders/.rvm/gems/ruby-2.3.0/gems/actionpack-5.0.0.1/lib/action_dispatch/middleware/templates/rescues/template_error.html.erb within rescues/layout (53.7ms)
Started GET "/products/new" for ::1 at 2016-09-15 22:43:16 -0400
Processing by ProductsController#new as HTML
  Rendering products/new.html.erb within layouts/application
  Rendered products/_form.html.erb (1.7ms)
  Rendered products/new.html.erb within layouts/application (3.4ms)
Completed 200 OK in 23ms (Views: 21.0ms | ActiveRecord: 0.0ms)


Started GET "/products/" for ::1 at 2016-09-15 22:43:28 -0400
Processing by ProductsController#index as HTML
  Rendering products/index.html.erb within layouts/application
  [1m[36mProduct Load (0.2ms)[0m  [1m[34mSELECT "products".* FROM "products"[0m
  Rendered products/index.html.erb within layouts/application (6.9ms)
Completed 500 Internal Server Error in 11ms (ActiveRecord: 0.2ms)


  
ActionView::Template::Error (undefined method `flavor' for #<Product:0x007fc841665e98>
Did you mean?  flavors
               flavors=):
    16:     <% @products.each do |product| %>
    17:       <tr>
    18:         <td><%= product.name %></td>
    19:         <td><%= product.flavor %></td>
    20:         <td><%= product.price %></td>
    21:         <td><%= link_to 'Show', product %></td>
    22:         <td><%= link_to 'Edit', edit_product_path(product) %></td>
  
app/views/products/index.html.erb:19:in `block in _app_views_products_index_html_erb__1460842283219827350_70249033822460'
app/views/products/index.html.erb:16:in `_app_views_products_index_html_erb__1460842283219827350_70249033822460'
  Rendering /Users/gabrielsaunders/.rvm/gems/ruby-2.3.0/gems/actionpack-5.0.0.1/lib/action_dispatch/middleware/templates/rescues/template_error.html.erb within rescues/layout
  Rendering /Users/gabrielsaunders/.rvm/gems/ruby-2.3.0/gems/actionpack-5.0.0.1/lib/action_dispatch/middleware/templates/rescues/_source.html.erb
  Rendered /Users/gabrielsaunders/.rvm/gems/ruby-2.3.0/gems/actionpack-5.0.0.1/lib/action_dispatch/middleware/templates/rescues/_source.html.erb (3.7ms)
  Rendering /Users/gabrielsaunders/.rvm/gems/ruby-2.3.0/gems/actionpack-5.0.0.1/lib/action_dispatch/middleware/templates/rescues/_trace.html.erb
  Rendered /Users/gabrielsaunders/.rvm/gems/ruby-2.3.0/gems/actionpack-5.0.0.1/lib/action_dispatch/middleware/templates/rescues/_trace.html.erb (1.8ms)
  Rendering /Users/gabrielsaunders/.rvm/gems/ruby-2.3.0/gems/actionpack-5.0.0.1/lib/action_dispatch/middleware/templates/rescues/_request_and_response.html.erb
  Rendered /Users/gabrielsaunders/.rvm/gems/ruby-2.3.0/gems/actionpack-5.0.0.1/lib/action_dispatch/middleware/templates/rescues/_request_and_response.html.erb (0.6ms)
  Rendered /Users/gabrielsaunders/.rvm/gems/ruby-2.3.0/gems/actionpack-5.0.0.1/lib/action_dispatch/middleware/templates/rescues/template_error.html.erb within rescues/layout (51.6ms)
Started GET "/products/" for ::1 at 2016-09-15 22:43:53 -0400
Processing by ProductsController#index as HTML
  Rendering products/index.html.erb within layouts/application
  [1m[36mProduct Load (0.1ms)[0m  [1m[34mSELECT "products".* FROM "products"[0m
  Rendered products/index.html.erb within layouts/application (1.6ms)
Completed 200 OK in 22ms (Views: 19.6ms | ActiveRecord: 0.1ms)


Started GET "/products/1" for ::1 at 2016-09-15 22:43:57 -0400
Processing by ProductsController#show as HTML
  Parameters: {"id"=>"1"}
  [1m[36mProduct Load (0.2ms)[0m  [1m[34mSELECT  "products".* FROM "products" WHERE "products"."id" = ? LIMIT ?[0m  [["id", 1], ["LIMIT", 1]]
  Rendering products/show.html.erb within layouts/application
  [1m[36mFlavor Load (0.2ms)[0m  [1m[34mSELECT "flavors".* FROM "flavors" WHERE "flavors"."product_id" = ?[0m  [["product_id", 1]]
  Rendered products/show.html.erb within layouts/application (4.0ms)
Completed 200 OK in 30ms (Views: 24.9ms | ActiveRecord: 0.4ms)


Started GET "/products" for ::1 at 2016-09-15 22:44:06 -0400
Processing by ProductsController#index as HTML
  Rendering products/index.html.erb within layouts/application
  [1m[36mProduct Load (0.2ms)[0m  [1m[34mSELECT "products".* FROM "products"[0m
  Rendered products/index.html.erb within layouts/application (2.3ms)
Completed 200 OK in 27ms (Views: 23.8ms | ActiveRecord: 0.2ms)


Started GET "/products" for ::1 at 2016-09-15 22:44:39 -0400
Processing by ProductsController#index as HTML
  Rendering products/index.html.erb within layouts/application
  [1m[36mProduct Load (0.1ms)[0m  [1m[34mSELECT "products".* FROM "products"[0m
  Rendered products/index.html.erb within layouts/application (1.7ms)
Completed 200 OK in 34ms (Views: 32.5ms | ActiveRecord: 0.1ms)


Started GET "/products" for ::1 at 2016-09-15 22:44:41 -0400
Processing by ProductsController#index as HTML
  Rendering products/index.html.erb within layouts/application
  [1m[36mProduct Load (0.3ms)[0m  [1m[34mSELECT "products".* FROM "products"[0m
  Rendered products/index.html.erb within layouts/application (2.4ms)
Completed 200 OK in 31ms (Views: 28.9ms | ActiveRecord: 0.3ms)


Started GET "/products" for ::1 at 2016-09-15 22:44:43 -0400
Processing by ProductsController#index as HTML
  Rendering products/index.html.erb within layouts/application
  [1m[36mProduct Load (0.1ms)[0m  [1m[34mSELECT "products".* FROM "products"[0m
  Rendered products/index.html.erb within layouts/application (1.4ms)
Completed 200 OK in 20ms (Views: 18.7ms | ActiveRecord: 0.1ms)


